{"/Users/leonardomarques/Workspace/LeoM/mocha-istanbul-sails-sass/api/controllers/HelloController.js":{"path":"/Users/leonardomarques/Workspace/LeoM/mocha-istanbul-sails-sass/api/controllers/HelloController.js","s":{"1":1,"2":1},"b":{},"f":{"1":1},"fnMap":{"1":{"name":"(anonymous_1)","line":12,"loc":{"start":{"line":12,"column":9},"end":{"line":12,"column":28}}}},"statementMap":{"1":{"start":{"line":10,"column":0},"end":{"line":16,"column":2}},"2":{"start":{"line":13,"column":4},"end":{"line":13,"column":28}}},"branchMap":{}}}